<?xml version="1.0" encoding="UTF-8"?>
<testng-results ignored="0" total="1" passed="1" failed="0" skipped="0">
  <reporter-output>
  </reporter-output>
  <suite started-at="2023-09-01T10:58:50 IST" name="Default suite" finished-at="2023-09-01T10:58:54 IST" duration-ms="4863">
    <groups>
    </groups>
    <test started-at="2023-09-01T10:58:50 IST" name="Default test" finished-at="2023-09-01T10:58:54 IST" duration-ms="4863">
      <class name="sampleTC.Tc_04_Test">
        <test-method signature="navigatingToMakeMyTrip()[pri:0, instance:sampleTC.Tc_04_Test@34f5090e]" started-at="2023-09-01T10:58:50 IST" name="navigatingToMakeMyTrip" finished-at="2023-09-01T10:58:54 IST" duration-ms="4824" status="PASS">
          <reporter-output>
          </reporter-output>
        </test-method> <!-- navigatingToMakeMyTrip -->
      </class> <!-- sampleTC.Tc_04_Test -->
    </test> <!-- Default test -->
  </suite> <!-- Default suite -->
</testng-results>
