<?xml version="1.0" encoding="UTF-8"?>
<testng-results ignored="0" total="1" passed="1" failed="0" skipped="0">
  <reporter-output>
  </reporter-output>
  <suite started-at="2023-08-31T10:53:16 IST" name="Default suite" finished-at="2023-08-31T10:53:21 IST" duration-ms="4949">
    <groups>
    </groups>
    <test started-at="2023-08-31T10:53:16 IST" name="Default test" finished-at="2023-08-31T10:53:21 IST" duration-ms="4949">
      <class name="sampleTC.Tc_01_Test">
        <test-method signature="navigatingToMyntra()[pri:0, instance:sampleTC.Tc_01_Test@6631f5ca]" started-at="2023-08-31T10:53:16 IST" name="navigatingToMyntra" finished-at="2023-08-31T10:53:21 IST" duration-ms="4908" status="PASS">
          <reporter-output>
          </reporter-output>
        </test-method> <!-- navigatingToMyntra -->
      </class> <!-- sampleTC.Tc_01_Test -->
    </test> <!-- Default test -->
  </suite> <!-- Default suite -->
</testng-results>
